<?xml version="1.0" encoding="UTF-8"?>
<testng-results ignored="0" total="2" passed="2" failed="0" skipped="0">
  <reporter-output>
  </reporter-output>
  <suite started-at="2023-03-07T19:10:51 IST" name="BaseSuite" finished-at="2023-03-07T19:10:59 IST" duration-ms="7670">
    <groups>
    </groups>
    <test started-at="2023-03-07T19:10:51 IST" name="CheckLoginfunctionality" finished-at="2023-03-07T19:10:59 IST" duration-ms="7670">
      <class name="org.selenium.testng.TC_Login">
        <test-method is-config="true" signature="beforeSuite(java.lang.String)[pri:0, instance:org.selenium.testng.TC_Login@4f6ee6e4]" started-at="2023-03-07T19:10:49 IST" name="beforeSuite" finished-at="2023-03-07T19:10:51 IST" duration-ms="2418" status="PASS">
          <params>
            <param index="0">
              <value>
                <![CDATA[Edge]]>
              </value>
            </param>
          </params>
          <reporter-output>
          </reporter-output>
        </test-method> <!-- beforeSuite -->
        <test-method is-config="true" signature="beforeClass()[pri:0, instance:org.selenium.testng.TC_Login@4f6ee6e4]" started-at="2023-03-07T19:10:51 IST" name="beforeClass" finished-at="2023-03-07T19:10:55 IST" duration-ms="3449" status="PASS">
          <reporter-output>
          </reporter-output>
        </test-method> <!-- beforeClass -->
        <test-method signature="verifyValidLogin()[pri:0, instance:org.selenium.testng.TC_Login@4f6ee6e4]" started-at="2023-03-07T19:10:55 IST" name="verifyValidLogin" finished-at="2023-03-07T19:10:57 IST" duration-ms="2098" status="PASS">
          <reporter-output>
          </reporter-output>
        </test-method> <!-- verifyValidLogin -->
        <test-method signature="verifyLogout()[pri:0, instance:org.selenium.testng.TC_Login@4f6ee6e4]" started-at="2023-03-07T19:10:57 IST" name="verifyLogout" finished-at="2023-03-07T19:10:59 IST" depends-on-methods="org.selenium.testng.TC_Login.verifyValidLogin" duration-ms="1861" status="PASS">
          <reporter-output>
          </reporter-output>
        </test-method> <!-- verifyLogout -->
        <test-method is-config="true" signature="afterClass()[pri:0, instance:org.selenium.testng.TC_Login@4f6ee6e4]" started-at="2023-03-07T19:10:59 IST" name="afterClass" finished-at="2023-03-07T19:10:59 IST" duration-ms="234" status="PASS">
          <reporter-output>
          </reporter-output>
        </test-method> <!-- afterClass -->
      </class> <!-- org.selenium.testng.TC_Login -->
    </test> <!-- CheckLoginfunctionality -->
  </suite> <!-- BaseSuite -->
</testng-results>
