<?xml version="1.0" encoding="UTF-8"?>
<testng-results ignored="0" total="2" passed="2" failed="0" skipped="0">
  <reporter-output>
  </reporter-output>
  <suite started-at="2023-03-06T19:37:53 IST" name="BaseSuite" finished-at="2023-03-06T19:37:59 IST" duration-ms="6044">
    <groups>
    </groups>
    <test started-at="2023-03-06T19:37:53 IST" name="CheckLoginfunctionality" finished-at="2023-03-06T19:37:59 IST" duration-ms="6044">
      <class name="org.selenium.testng.TC_Login">
        <test-method is-config="true" signature="beforeSuite()[pri:0, instance:org.selenium.testng.TC_Login@6356695f]" started-at="2023-03-06T19:37:51 IST" name="beforeSuite" finished-at="2023-03-06T19:37:53 IST" duration-ms="1812" status="PASS">
          <reporter-output>
          </reporter-output>
        </test-method> <!-- beforeSuite -->
        <test-method is-config="true" signature="beforeClass()[pri:0, instance:org.selenium.testng.TC_Login@6356695f]" started-at="2023-03-06T19:37:53 IST" name="beforeClass" finished-at="2023-03-06T19:37:55 IST" duration-ms="2141" status="PASS">
          <reporter-output>
          </reporter-output>
        </test-method> <!-- beforeClass -->
        <test-method signature="verifyValidLogin()[pri:0, instance:org.selenium.testng.TC_Login@6356695f]" started-at="2023-03-06T19:37:55 IST" name="verifyValidLogin" finished-at="2023-03-06T19:37:57 IST" duration-ms="2087" status="PASS">
          <reporter-output>
          </reporter-output>
        </test-method> <!-- verifyValidLogin -->
        <test-method signature="verifyLogout()[pri:0, instance:org.selenium.testng.TC_Login@6356695f]" started-at="2023-03-06T19:37:57 IST" name="verifyLogout" finished-at="2023-03-06T19:37:59 IST" depends-on-methods="org.selenium.testng.TC_Login.verifyValidLogin" duration-ms="1651" status="PASS">
          <reporter-output>
          </reporter-output>
        </test-method> <!-- verifyLogout -->
        <test-method is-config="true" signature="afterClass()[pri:0, instance:org.selenium.testng.TC_Login@6356695f]" started-at="2023-03-06T19:37:59 IST" name="afterClass" finished-at="2023-03-06T19:37:59 IST" duration-ms="142" status="PASS">
          <reporter-output>
          </reporter-output>
        </test-method> <!-- afterClass -->
      </class> <!-- org.selenium.testng.TC_Login -->
    </test> <!-- CheckLoginfunctionality -->
  </suite> <!-- BaseSuite -->
</testng-results>
